[2023-03-10 22:23:26,675] {taskinstance.py:851} INFO - Dependencies all met for <TaskInstance: user_total_spent.calculate_total_spent 2023-01-01T06:01:00+00:00 [queued]>
[2023-03-10 22:23:26,759] {taskinstance.py:851} INFO - Dependencies all met for <TaskInstance: user_total_spent.calculate_total_spent 2023-01-01T06:01:00+00:00 [queued]>
[2023-03-10 22:23:26,766] {taskinstance.py:1042} INFO - 
--------------------------------------------------------------------------------
[2023-03-10 22:23:26,775] {taskinstance.py:1043} INFO - Starting attempt 1 of 2
[2023-03-10 22:23:26,777] {taskinstance.py:1044} INFO - 
--------------------------------------------------------------------------------
[2023-03-10 22:23:26,821] {taskinstance.py:1063} INFO - Executing <Task(PythonOperator): calculate_total_spent> on 2023-01-01T06:01:00+00:00
[2023-03-10 22:23:26,842] {standard_task_runner.py:52} INFO - Started process 1548 to run task
[2023-03-10 22:23:26,870] {standard_task_runner.py:76} INFO - Running: ['airflow', 'tasks', 'run', 'user_total_spent', 'calculate_total_spent', '2023-01-01T06:01:00+00:00', '--job-id', '373', '--pool', 'default_pool', '--raw', '--subdir', 'DAGS_FOLDER/calc_total_spent.py', '--cfg-path', '/tmp/tmpzjzau7wb', '--error-file', '/tmp/tmpc0sfebek']
[2023-03-10 22:23:26,876] {standard_task_runner.py:77} INFO - Job 373: Subtask calculate_total_spent
[2023-03-10 22:23:27,161] {logging_mixin.py:104} INFO - Running <TaskInstance: user_total_spent.calculate_total_spent 2023-01-01T06:01:00+00:00 [running]> on host ea75b913e55e
[2023-03-10 22:23:27,341] {taskinstance.py:1257} INFO - Exporting the following env vars:
AIRFLOW_CTX_DAG_OWNER=airflow
AIRFLOW_CTX_DAG_ID=user_total_spent
AIRFLOW_CTX_TASK_ID=calculate_total_spent
AIRFLOW_CTX_EXECUTION_DATE=2023-01-01T06:01:00+00:00
AIRFLOW_CTX_DAG_RUN_ID=scheduled__2023-01-01T06:01:00+00:00
[2023-03-10 22:23:27,729] {python.py:118} INFO - Done. Returned value was: None
[2023-03-10 22:23:27,778] {taskinstance.py:1166} INFO - Marking task as SUCCESS. dag_id=user_total_spent, task_id=calculate_total_spent, execution_date=20230101T060100, start_date=20230310T222326, end_date=20230310T222327
[2023-03-10 22:23:27,958] {taskinstance.py:1220} INFO - 0 downstream tasks scheduled from follow-on schedule check
[2023-03-10 22:23:28,032] {local_task_job.py:146} INFO - Task exited with return code 0
