[2023-03-10 22:24:28,135] {taskinstance.py:851} INFO - Dependencies all met for <TaskInstance: user_total_spent.calculate_total_spent 2023-01-01T07:28:00+00:00 [queued]>
[2023-03-10 22:24:28,263] {taskinstance.py:851} INFO - Dependencies all met for <TaskInstance: user_total_spent.calculate_total_spent 2023-01-01T07:28:00+00:00 [queued]>
[2023-03-10 22:24:28,266] {taskinstance.py:1042} INFO - 
--------------------------------------------------------------------------------
[2023-03-10 22:24:28,270] {taskinstance.py:1043} INFO - Starting attempt 1 of 2
[2023-03-10 22:24:28,271] {taskinstance.py:1044} INFO - 
--------------------------------------------------------------------------------
[2023-03-10 22:24:28,356] {taskinstance.py:1063} INFO - Executing <Task(PythonOperator): calculate_total_spent> on 2023-01-01T07:28:00+00:00
[2023-03-10 22:24:28,412] {standard_task_runner.py:76} INFO - Running: ['airflow', 'tasks', 'run', 'user_total_spent', 'calculate_total_spent', '2023-01-01T07:28:00+00:00', '--job-id', '461', '--pool', 'default_pool', '--raw', '--subdir', 'DAGS_FOLDER/calc_total_spent.py', '--cfg-path', '/tmp/tmp55bnb2d_', '--error-file', '/tmp/tmpy2n2yz7l']
[2023-03-10 22:24:28,417] {standard_task_runner.py:77} INFO - Job 461: Subtask calculate_total_spent
[2023-03-10 22:24:28,388] {standard_task_runner.py:52} INFO - Started process 1900 to run task
[2023-03-10 22:24:28,606] {logging_mixin.py:104} INFO - Running <TaskInstance: user_total_spent.calculate_total_spent 2023-01-01T07:28:00+00:00 [running]> on host ea75b913e55e
[2023-03-10 22:24:28,811] {taskinstance.py:1257} INFO - Exporting the following env vars:
AIRFLOW_CTX_DAG_OWNER=airflow
AIRFLOW_CTX_DAG_ID=user_total_spent
AIRFLOW_CTX_TASK_ID=calculate_total_spent
AIRFLOW_CTX_EXECUTION_DATE=2023-01-01T07:28:00+00:00
AIRFLOW_CTX_DAG_RUN_ID=scheduled__2023-01-01T07:28:00+00:00
[2023-03-10 22:24:29,200] {python.py:118} INFO - Done. Returned value was: None
[2023-03-10 22:24:29,268] {taskinstance.py:1166} INFO - Marking task as SUCCESS. dag_id=user_total_spent, task_id=calculate_total_spent, execution_date=20230101T072800, start_date=20230310T222428, end_date=20230310T222429
[2023-03-10 22:24:29,431] {taskinstance.py:1220} INFO - 0 downstream tasks scheduled from follow-on schedule check
[2023-03-10 22:24:29,536] {local_task_job.py:146} INFO - Task exited with return code 0
