[2023-03-10 22:19:33,610] {taskinstance.py:851} INFO - Dependencies all met for <TaskInstance: user_total_spent.calculate_total_spent 2023-01-01T00:27:00+00:00 [queued]>
[2023-03-10 22:19:33,762] {taskinstance.py:851} INFO - Dependencies all met for <TaskInstance: user_total_spent.calculate_total_spent 2023-01-01T00:27:00+00:00 [queued]>
[2023-03-10 22:19:33,766] {taskinstance.py:1042} INFO - 
--------------------------------------------------------------------------------
[2023-03-10 22:19:33,768] {taskinstance.py:1043} INFO - Starting attempt 1 of 2
[2023-03-10 22:19:33,770] {taskinstance.py:1044} INFO - 
--------------------------------------------------------------------------------
[2023-03-10 22:19:33,922] {taskinstance.py:1063} INFO - Executing <Task(PythonOperator): calculate_total_spent> on 2023-01-01T00:27:00+00:00
[2023-03-10 22:19:33,955] {standard_task_runner.py:52} INFO - Started process 218 to run task
[2023-03-10 22:19:33,995] {standard_task_runner.py:76} INFO - Running: ['airflow', 'tasks', 'run', 'user_total_spent', 'calculate_total_spent', '2023-01-01T00:27:00+00:00', '--job-id', '40', '--pool', 'default_pool', '--raw', '--subdir', 'DAGS_FOLDER/calc_total_spent.py', '--cfg-path', '/tmp/tmpk1ppwtx2', '--error-file', '/tmp/tmpqw_q5qkj']
[2023-03-10 22:19:34,017] {standard_task_runner.py:77} INFO - Job 40: Subtask calculate_total_spent
[2023-03-10 22:19:34,284] {logging_mixin.py:104} INFO - Running <TaskInstance: user_total_spent.calculate_total_spent 2023-01-01T00:27:00+00:00 [running]> on host ea75b913e55e
[2023-03-10 22:19:34,514] {taskinstance.py:1257} INFO - Exporting the following env vars:
AIRFLOW_CTX_DAG_OWNER=airflow
AIRFLOW_CTX_DAG_ID=user_total_spent
AIRFLOW_CTX_TASK_ID=calculate_total_spent
AIRFLOW_CTX_EXECUTION_DATE=2023-01-01T00:27:00+00:00
AIRFLOW_CTX_DAG_RUN_ID=scheduled__2023-01-01T00:27:00+00:00
[2023-03-10 22:19:35,272] {python.py:118} INFO - Done. Returned value was: None
[2023-03-10 22:19:35,333] {taskinstance.py:1166} INFO - Marking task as SUCCESS. dag_id=user_total_spent, task_id=calculate_total_spent, execution_date=20230101T002700, start_date=20230310T221933, end_date=20230310T221935
[2023-03-10 22:19:35,755] {taskinstance.py:1220} INFO - 0 downstream tasks scheduled from follow-on schedule check
[2023-03-10 22:19:35,843] {local_task_job.py:146} INFO - Task exited with return code 0
