[2023-03-10 22:16:32,163] {scheduler_job.py:182} INFO - Started process (PID=95) to work on /opt/airflow/dags/calc_total_spent.py
[2023-03-10 22:16:32,168] {scheduler_job.py:629} INFO - Processing file /opt/airflow/dags/calc_total_spent.py for tasks to queue
[2023-03-10 22:16:32,171] {logging_mixin.py:104} INFO - [2023-03-10 22:16:32,171] {dagbag.py:448} INFO - Filling up the DagBag from /opt/airflow/dags/calc_total_spent.py
[2023-03-10 22:16:32,234] {scheduler_job.py:639} INFO - DAG(s) dict_keys(['user_total_spent']) retrieved from /opt/airflow/dags/calc_total_spent.py
[2023-03-10 22:16:32,314] {logging_mixin.py:104} INFO - [2023-03-10 22:16:32,314] {dag.py:1818} INFO - Sync 1 DAGs
[2023-03-10 22:16:32,374] {logging_mixin.py:104} INFO - [2023-03-10 22:16:32,374] {dag.py:2273} INFO - Setting next_dagrun for user_total_spent to 2023-01-01T00:00:00+00:00
[2023-03-10 22:16:32,417] {scheduler_job.py:190} INFO - Processing /opt/airflow/dags/calc_total_spent.py took 0.262 seconds
[2023-03-10 22:17:02,640] {scheduler_job.py:182} INFO - Started process (PID=149) to work on /opt/airflow/dags/calc_total_spent.py
[2023-03-10 22:17:02,644] {scheduler_job.py:629} INFO - Processing file /opt/airflow/dags/calc_total_spent.py for tasks to queue
[2023-03-10 22:17:02,648] {logging_mixin.py:104} INFO - [2023-03-10 22:17:02,647] {dagbag.py:448} INFO - Filling up the DagBag from /opt/airflow/dags/calc_total_spent.py
[2023-03-10 22:17:02,707] {scheduler_job.py:639} INFO - DAG(s) dict_keys(['user_total_spent']) retrieved from /opt/airflow/dags/calc_total_spent.py
[2023-03-10 22:17:02,778] {logging_mixin.py:104} INFO - [2023-03-10 22:17:02,778] {dag.py:1818} INFO - Sync 1 DAGs
[2023-03-10 22:17:02,836] {logging_mixin.py:104} INFO - [2023-03-10 22:17:02,836] {dag.py:2273} INFO - Setting next_dagrun for user_total_spent to 2023-01-01T00:00:00+00:00
[2023-03-10 22:17:02,857] {scheduler_job.py:190} INFO - Processing /opt/airflow/dags/calc_total_spent.py took 0.224 seconds
[2023-03-10 22:17:34,806] {scheduler_job.py:182} INFO - Started process (PID=201) to work on /opt/airflow/dags/calc_total_spent.py
[2023-03-10 22:17:34,822] {scheduler_job.py:629} INFO - Processing file /opt/airflow/dags/calc_total_spent.py for tasks to queue
[2023-03-10 22:17:34,828] {logging_mixin.py:104} INFO - [2023-03-10 22:17:34,827] {dagbag.py:448} INFO - Filling up the DagBag from /opt/airflow/dags/calc_total_spent.py
[2023-03-10 22:17:34,948] {scheduler_job.py:639} INFO - DAG(s) dict_keys(['user_total_spent']) retrieved from /opt/airflow/dags/calc_total_spent.py
[2023-03-10 22:17:35,094] {logging_mixin.py:104} INFO - [2023-03-10 22:17:35,093] {dag.py:1818} INFO - Sync 1 DAGs
[2023-03-10 22:17:35,212] {logging_mixin.py:104} INFO - [2023-03-10 22:17:35,211] {dag.py:2273} INFO - Setting next_dagrun for user_total_spent to 2023-01-01T00:00:00+00:00
[2023-03-10 22:17:35,267] {scheduler_job.py:190} INFO - Processing /opt/airflow/dags/calc_total_spent.py took 0.498 seconds
[2023-03-10 22:18:05,394] {scheduler_job.py:182} INFO - Started process (PID=255) to work on /opt/airflow/dags/calc_total_spent.py
[2023-03-10 22:18:05,400] {scheduler_job.py:629} INFO - Processing file /opt/airflow/dags/calc_total_spent.py for tasks to queue
[2023-03-10 22:18:05,403] {logging_mixin.py:104} INFO - [2023-03-10 22:18:05,403] {dagbag.py:448} INFO - Filling up the DagBag from /opt/airflow/dags/calc_total_spent.py
[2023-03-10 22:18:05,452] {scheduler_job.py:639} INFO - DAG(s) dict_keys(['user_total_spent']) retrieved from /opt/airflow/dags/calc_total_spent.py
[2023-03-10 22:18:05,505] {logging_mixin.py:104} INFO - [2023-03-10 22:18:05,505] {dag.py:1818} INFO - Sync 1 DAGs
[2023-03-10 22:18:05,556] {logging_mixin.py:104} INFO - [2023-03-10 22:18:05,555] {dag.py:2273} INFO - Setting next_dagrun for user_total_spent to 2023-01-01T00:00:00+00:00
[2023-03-10 22:18:05,575] {scheduler_job.py:190} INFO - Processing /opt/airflow/dags/calc_total_spent.py took 0.188 seconds
[2023-03-10 22:18:36,198] {scheduler_job.py:182} INFO - Started process (PID=307) to work on /opt/airflow/dags/calc_total_spent.py
[2023-03-10 22:18:36,203] {scheduler_job.py:629} INFO - Processing file /opt/airflow/dags/calc_total_spent.py for tasks to queue
[2023-03-10 22:18:36,207] {logging_mixin.py:104} INFO - [2023-03-10 22:18:36,206] {dagbag.py:448} INFO - Filling up the DagBag from /opt/airflow/dags/calc_total_spent.py
[2023-03-10 22:18:36,258] {scheduler_job.py:639} INFO - DAG(s) dict_keys(['user_total_spent']) retrieved from /opt/airflow/dags/calc_total_spent.py
[2023-03-10 22:18:36,333] {logging_mixin.py:104} INFO - [2023-03-10 22:18:36,332] {dag.py:1818} INFO - Sync 1 DAGs
[2023-03-10 22:18:36,397] {logging_mixin.py:104} INFO - [2023-03-10 22:18:36,396] {dag.py:2273} INFO - Setting next_dagrun for user_total_spent to 2023-01-01T00:00:00+00:00
[2023-03-10 22:18:36,423] {scheduler_job.py:190} INFO - Processing /opt/airflow/dags/calc_total_spent.py took 0.233 seconds
[2023-03-10 22:19:06,629] {scheduler_job.py:182} INFO - Started process (PID=359) to work on /opt/airflow/dags/calc_total_spent.py
[2023-03-10 22:19:06,635] {scheduler_job.py:629} INFO - Processing file /opt/airflow/dags/calc_total_spent.py for tasks to queue
[2023-03-10 22:19:06,639] {logging_mixin.py:104} INFO - [2023-03-10 22:19:06,638] {dagbag.py:448} INFO - Filling up the DagBag from /opt/airflow/dags/calc_total_spent.py
[2023-03-10 22:19:06,690] {scheduler_job.py:639} INFO - DAG(s) dict_keys(['user_total_spent']) retrieved from /opt/airflow/dags/calc_total_spent.py
[2023-03-10 22:19:06,753] {logging_mixin.py:104} INFO - [2023-03-10 22:19:06,753] {dag.py:1818} INFO - Sync 1 DAGs
[2023-03-10 22:19:06,812] {logging_mixin.py:104} INFO - [2023-03-10 22:19:06,811] {dag.py:2273} INFO - Setting next_dagrun for user_total_spent to 2023-01-01T00:00:00+00:00
[2023-03-10 22:19:06,835] {scheduler_job.py:190} INFO - Processing /opt/airflow/dags/calc_total_spent.py took 0.214 seconds
[2023-03-10 22:19:38,279] {scheduler_job.py:182} INFO - Started process (PID=426) to work on /opt/airflow/dags/calc_total_spent.py
[2023-03-10 22:19:38,289] {scheduler_job.py:629} INFO - Processing file /opt/airflow/dags/calc_total_spent.py for tasks to queue
[2023-03-10 22:19:38,297] {logging_mixin.py:104} INFO - [2023-03-10 22:19:38,296] {dagbag.py:448} INFO - Filling up the DagBag from /opt/airflow/dags/calc_total_spent.py
[2023-03-10 22:19:38,393] {scheduler_job.py:639} INFO - DAG(s) dict_keys(['user_total_spent']) retrieved from /opt/airflow/dags/calc_total_spent.py
[2023-03-10 22:19:38,503] {logging_mixin.py:104} INFO - [2023-03-10 22:19:38,502] {dag.py:1818} INFO - Sync 1 DAGs
[2023-03-10 22:19:38,579] {logging_mixin.py:104} INFO - [2023-03-10 22:19:38,578] {dag.py:2273} INFO - Setting next_dagrun for user_total_spent to 2023-01-01 00:39:00+00:00
[2023-03-10 22:19:38,625] {scheduler_job.py:190} INFO - Processing /opt/airflow/dags/calc_total_spent.py took 0.363 seconds
[2023-03-10 22:20:08,742] {scheduler_job.py:182} INFO - Started process (PID=476) to work on /opt/airflow/dags/calc_total_spent.py
[2023-03-10 22:20:08,759] {scheduler_job.py:629} INFO - Processing file /opt/airflow/dags/calc_total_spent.py for tasks to queue
[2023-03-10 22:20:08,767] {logging_mixin.py:104} INFO - [2023-03-10 22:20:08,767] {dagbag.py:448} INFO - Filling up the DagBag from /opt/airflow/dags/calc_total_spent.py
[2023-03-10 22:20:08,859] {scheduler_job.py:639} INFO - DAG(s) dict_keys(['user_total_spent']) retrieved from /opt/airflow/dags/calc_total_spent.py
[2023-03-10 22:20:08,951] {logging_mixin.py:104} INFO - [2023-03-10 22:20:08,950] {dag.py:1818} INFO - Sync 1 DAGs
[2023-03-10 22:20:09,043] {logging_mixin.py:104} INFO - [2023-03-10 22:20:09,042] {dag.py:2273} INFO - Setting next_dagrun for user_total_spent to 2023-01-01 01:23:00+00:00
[2023-03-10 22:20:09,067] {scheduler_job.py:190} INFO - Processing /opt/airflow/dags/calc_total_spent.py took 0.342 seconds
[2023-03-10 22:20:39,364] {scheduler_job.py:182} INFO - Started process (PID=528) to work on /opt/airflow/dags/calc_total_spent.py
[2023-03-10 22:20:39,373] {scheduler_job.py:629} INFO - Processing file /opt/airflow/dags/calc_total_spent.py for tasks to queue
[2023-03-10 22:20:39,377] {logging_mixin.py:104} INFO - [2023-03-10 22:20:39,377] {dagbag.py:448} INFO - Filling up the DagBag from /opt/airflow/dags/calc_total_spent.py
[2023-03-10 22:20:39,491] {scheduler_job.py:639} INFO - DAG(s) dict_keys(['user_total_spent']) retrieved from /opt/airflow/dags/calc_total_spent.py
[2023-03-10 22:20:39,614] {logging_mixin.py:104} INFO - [2023-03-10 22:20:39,613] {dag.py:1818} INFO - Sync 1 DAGs
[2023-03-10 22:20:39,749] {logging_mixin.py:104} INFO - [2023-03-10 22:20:39,748] {dag.py:2273} INFO - Setting next_dagrun for user_total_spent to 2023-01-01 02:08:00+00:00
[2023-03-10 22:20:39,786] {scheduler_job.py:190} INFO - Processing /opt/airflow/dags/calc_total_spent.py took 0.430 seconds
[2023-03-10 22:21:10,137] {scheduler_job.py:182} INFO - Started process (PID=580) to work on /opt/airflow/dags/calc_total_spent.py
[2023-03-10 22:21:10,143] {scheduler_job.py:629} INFO - Processing file /opt/airflow/dags/calc_total_spent.py for tasks to queue
[2023-03-10 22:21:10,149] {logging_mixin.py:104} INFO - [2023-03-10 22:21:10,148] {dagbag.py:448} INFO - Filling up the DagBag from /opt/airflow/dags/calc_total_spent.py
[2023-03-10 22:21:10,236] {scheduler_job.py:639} INFO - DAG(s) dict_keys(['user_total_spent']) retrieved from /opt/airflow/dags/calc_total_spent.py
[2023-03-10 22:21:10,365] {logging_mixin.py:104} INFO - [2023-03-10 22:21:10,365] {dag.py:1818} INFO - Sync 1 DAGs
[2023-03-10 22:21:10,494] {logging_mixin.py:104} INFO - [2023-03-10 22:21:10,493] {dag.py:2273} INFO - Setting next_dagrun for user_total_spent to 2023-01-01 02:53:00+00:00
[2023-03-10 22:21:10,535] {scheduler_job.py:190} INFO - Processing /opt/airflow/dags/calc_total_spent.py took 0.419 seconds
[2023-03-10 22:21:41,110] {scheduler_job.py:182} INFO - Started process (PID=634) to work on /opt/airflow/dags/calc_total_spent.py
[2023-03-10 22:21:41,118] {scheduler_job.py:629} INFO - Processing file /opt/airflow/dags/calc_total_spent.py for tasks to queue
[2023-03-10 22:21:41,127] {logging_mixin.py:104} INFO - [2023-03-10 22:21:41,126] {dagbag.py:448} INFO - Filling up the DagBag from /opt/airflow/dags/calc_total_spent.py
[2023-03-10 22:21:41,230] {scheduler_job.py:639} INFO - DAG(s) dict_keys(['user_total_spent']) retrieved from /opt/airflow/dags/calc_total_spent.py
[2023-03-10 22:21:41,328] {logging_mixin.py:104} INFO - [2023-03-10 22:21:41,328] {dag.py:1818} INFO - Sync 1 DAGs
[2023-03-10 22:21:41,458] {logging_mixin.py:104} INFO - [2023-03-10 22:21:41,457] {dag.py:2273} INFO - Setting next_dagrun for user_total_spent to 2023-01-01 03:35:00+00:00
[2023-03-10 22:21:41,494] {scheduler_job.py:190} INFO - Processing /opt/airflow/dags/calc_total_spent.py took 0.402 seconds
[2023-03-10 22:22:12,678] {scheduler_job.py:182} INFO - Started process (PID=686) to work on /opt/airflow/dags/calc_total_spent.py
[2023-03-10 22:22:12,683] {scheduler_job.py:629} INFO - Processing file /opt/airflow/dags/calc_total_spent.py for tasks to queue
[2023-03-10 22:22:12,688] {logging_mixin.py:104} INFO - [2023-03-10 22:22:12,687] {dagbag.py:448} INFO - Filling up the DagBag from /opt/airflow/dags/calc_total_spent.py
[2023-03-10 22:22:12,773] {scheduler_job.py:639} INFO - DAG(s) dict_keys(['user_total_spent']) retrieved from /opt/airflow/dags/calc_total_spent.py
[2023-03-10 22:22:12,869] {logging_mixin.py:104} INFO - [2023-03-10 22:22:12,868] {dag.py:1818} INFO - Sync 1 DAGs
[2023-03-10 22:22:12,942] {logging_mixin.py:104} INFO - [2023-03-10 22:22:12,941] {dag.py:2273} INFO - Setting next_dagrun for user_total_spent to 2023-01-01 04:20:00+00:00
[2023-03-10 22:22:12,988] {scheduler_job.py:190} INFO - Processing /opt/airflow/dags/calc_total_spent.py took 0.320 seconds
[2023-03-10 22:22:43,442] {scheduler_job.py:182} INFO - Started process (PID=740) to work on /opt/airflow/dags/calc_total_spent.py
[2023-03-10 22:22:43,452] {scheduler_job.py:629} INFO - Processing file /opt/airflow/dags/calc_total_spent.py for tasks to queue
[2023-03-10 22:22:43,460] {logging_mixin.py:104} INFO - [2023-03-10 22:22:43,459] {dagbag.py:448} INFO - Filling up the DagBag from /opt/airflow/dags/calc_total_spent.py
[2023-03-10 22:22:43,566] {scheduler_job.py:639} INFO - DAG(s) dict_keys(['user_total_spent']) retrieved from /opt/airflow/dags/calc_total_spent.py
[2023-03-10 22:22:43,731] {logging_mixin.py:104} INFO - [2023-03-10 22:22:43,728] {dag.py:1818} INFO - Sync 1 DAGs
[2023-03-10 22:22:43,860] {logging_mixin.py:104} INFO - [2023-03-10 22:22:43,859] {dag.py:2273} INFO - Setting next_dagrun for user_total_spent to 2023-01-01 05:05:00+00:00
[2023-03-10 22:22:43,888] {scheduler_job.py:190} INFO - Processing /opt/airflow/dags/calc_total_spent.py took 0.464 seconds
[2023-03-10 22:23:14,153] {scheduler_job.py:182} INFO - Started process (PID=794) to work on /opt/airflow/dags/calc_total_spent.py
[2023-03-10 22:23:14,160] {scheduler_job.py:629} INFO - Processing file /opt/airflow/dags/calc_total_spent.py for tasks to queue
[2023-03-10 22:23:14,164] {logging_mixin.py:104} INFO - [2023-03-10 22:23:14,163] {dagbag.py:448} INFO - Filling up the DagBag from /opt/airflow/dags/calc_total_spent.py
[2023-03-10 22:23:14,299] {scheduler_job.py:639} INFO - DAG(s) dict_keys(['user_total_spent']) retrieved from /opt/airflow/dags/calc_total_spent.py
[2023-03-10 22:23:14,437] {logging_mixin.py:104} INFO - [2023-03-10 22:23:14,436] {dag.py:1818} INFO - Sync 1 DAGs
[2023-03-10 22:23:14,580] {logging_mixin.py:104} INFO - [2023-03-10 22:23:14,579] {dag.py:2273} INFO - Setting next_dagrun for user_total_spent to 2023-01-01 05:48:00+00:00
[2023-03-10 22:23:14,613] {scheduler_job.py:190} INFO - Processing /opt/airflow/dags/calc_total_spent.py took 0.475 seconds
[2023-03-10 22:23:46,165] {scheduler_job.py:182} INFO - Started process (PID=850) to work on /opt/airflow/dags/calc_total_spent.py
[2023-03-10 22:23:46,178] {scheduler_job.py:629} INFO - Processing file /opt/airflow/dags/calc_total_spent.py for tasks to queue
[2023-03-10 22:23:46,183] {logging_mixin.py:104} INFO - [2023-03-10 22:23:46,183] {dagbag.py:448} INFO - Filling up the DagBag from /opt/airflow/dags/calc_total_spent.py
[2023-03-10 22:23:46,295] {scheduler_job.py:639} INFO - DAG(s) dict_keys(['user_total_spent']) retrieved from /opt/airflow/dags/calc_total_spent.py
[2023-03-10 22:23:46,426] {logging_mixin.py:104} INFO - [2023-03-10 22:23:46,426] {dag.py:1818} INFO - Sync 1 DAGs
[2023-03-10 22:23:46,616] {logging_mixin.py:104} INFO - [2023-03-10 22:23:46,613] {dag.py:2273} INFO - Setting next_dagrun for user_total_spent to 2023-01-01 06:35:00+00:00
[2023-03-10 22:23:46,667] {scheduler_job.py:190} INFO - Processing /opt/airflow/dags/calc_total_spent.py took 0.514 seconds
[2023-03-10 22:24:17,002] {scheduler_job.py:182} INFO - Started process (PID=904) to work on /opt/airflow/dags/calc_total_spent.py
[2023-03-10 22:24:17,008] {scheduler_job.py:629} INFO - Processing file /opt/airflow/dags/calc_total_spent.py for tasks to queue
[2023-03-10 22:24:17,016] {logging_mixin.py:104} INFO - [2023-03-10 22:24:17,016] {dagbag.py:448} INFO - Filling up the DagBag from /opt/airflow/dags/calc_total_spent.py
[2023-03-10 22:24:17,105] {scheduler_job.py:639} INFO - DAG(s) dict_keys(['user_total_spent']) retrieved from /opt/airflow/dags/calc_total_spent.py
[2023-03-10 22:24:17,221] {logging_mixin.py:104} INFO - [2023-03-10 22:24:17,221] {dag.py:1818} INFO - Sync 1 DAGs
[2023-03-10 22:24:17,347] {logging_mixin.py:104} INFO - [2023-03-10 22:24:17,346] {dag.py:2273} INFO - Setting next_dagrun for user_total_spent to 2023-01-01 07:18:00+00:00
[2023-03-10 22:24:17,377] {scheduler_job.py:190} INFO - Processing /opt/airflow/dags/calc_total_spent.py took 0.388 seconds
[2023-03-10 22:24:47,948] {scheduler_job.py:182} INFO - Started process (PID=958) to work on /opt/airflow/dags/calc_total_spent.py
[2023-03-10 22:24:47,957] {scheduler_job.py:629} INFO - Processing file /opt/airflow/dags/calc_total_spent.py for tasks to queue
[2023-03-10 22:24:47,965] {logging_mixin.py:104} INFO - [2023-03-10 22:24:47,963] {dagbag.py:448} INFO - Filling up the DagBag from /opt/airflow/dags/calc_total_spent.py
[2023-03-10 22:24:48,043] {scheduler_job.py:639} INFO - DAG(s) dict_keys(['user_total_spent']) retrieved from /opt/airflow/dags/calc_total_spent.py
[2023-03-10 22:24:48,149] {logging_mixin.py:104} INFO - [2023-03-10 22:24:48,148] {dag.py:1818} INFO - Sync 1 DAGs
[2023-03-10 22:24:48,295] {logging_mixin.py:104} INFO - [2023-03-10 22:24:48,294] {dag.py:2273} INFO - Setting next_dagrun for user_total_spent to 2023-01-01 08:03:00+00:00
[2023-03-10 22:24:48,325] {scheduler_job.py:190} INFO - Processing /opt/airflow/dags/calc_total_spent.py took 0.401 seconds
[2023-03-10 22:25:18,683] {scheduler_job.py:182} INFO - Started process (PID=1012) to work on /opt/airflow/dags/calc_total_spent.py
[2023-03-10 22:25:18,689] {scheduler_job.py:629} INFO - Processing file /opt/airflow/dags/calc_total_spent.py for tasks to queue
[2023-03-10 22:25:18,696] {logging_mixin.py:104} INFO - [2023-03-10 22:25:18,695] {dagbag.py:448} INFO - Filling up the DagBag from /opt/airflow/dags/calc_total_spent.py
[2023-03-10 22:25:18,803] {scheduler_job.py:639} INFO - DAG(s) dict_keys(['user_total_spent']) retrieved from /opt/airflow/dags/calc_total_spent.py
[2023-03-10 22:25:18,884] {logging_mixin.py:104} INFO - [2023-03-10 22:25:18,882] {dag.py:1818} INFO - Sync 1 DAGs
[2023-03-10 22:25:18,987] {logging_mixin.py:104} INFO - [2023-03-10 22:25:18,987] {dag.py:2273} INFO - Setting next_dagrun for user_total_spent to 2023-01-01 08:48:00+00:00
[2023-03-10 22:25:19,024] {scheduler_job.py:190} INFO - Processing /opt/airflow/dags/calc_total_spent.py took 0.361 seconds
[2023-03-10 22:25:49,327] {scheduler_job.py:182} INFO - Started process (PID=1064) to work on /opt/airflow/dags/calc_total_spent.py
[2023-03-10 22:25:49,346] {scheduler_job.py:629} INFO - Processing file /opt/airflow/dags/calc_total_spent.py for tasks to queue
[2023-03-10 22:25:49,360] {logging_mixin.py:104} INFO - [2023-03-10 22:25:49,359] {dagbag.py:448} INFO - Filling up the DagBag from /opt/airflow/dags/calc_total_spent.py
[2023-03-10 22:25:49,528] {scheduler_job.py:639} INFO - DAG(s) dict_keys(['user_total_spent']) retrieved from /opt/airflow/dags/calc_total_spent.py
[2023-03-10 22:25:49,672] {logging_mixin.py:104} INFO - [2023-03-10 22:25:49,671] {dag.py:1818} INFO - Sync 1 DAGs
[2023-03-10 22:25:49,857] {logging_mixin.py:104} INFO - [2023-03-10 22:25:49,857] {dag.py:2273} INFO - Setting next_dagrun for user_total_spent to 2023-01-01 09:31:00+00:00
[2023-03-10 22:25:49,915] {scheduler_job.py:190} INFO - Processing /opt/airflow/dags/calc_total_spent.py took 0.606 seconds
[2023-03-10 22:26:26,043] {scheduler_job.py:182} INFO - Started process (PID=1130) to work on /opt/airflow/dags/calc_total_spent.py
[2023-03-10 22:26:26,056] {scheduler_job.py:629} INFO - Processing file /opt/airflow/dags/calc_total_spent.py for tasks to queue
[2023-03-10 22:26:26,060] {logging_mixin.py:104} INFO - [2023-03-10 22:26:26,060] {dagbag.py:448} INFO - Filling up the DagBag from /opt/airflow/dags/calc_total_spent.py
[2023-03-10 22:26:26,183] {scheduler_job.py:639} INFO - DAG(s) dict_keys(['user_total_spent']) retrieved from /opt/airflow/dags/calc_total_spent.py
[2023-03-10 22:26:26,351] {logging_mixin.py:104} INFO - [2023-03-10 22:26:26,348] {dag.py:1818} INFO - Sync 1 DAGs
[2023-03-10 22:26:26,561] {logging_mixin.py:104} INFO - [2023-03-10 22:26:26,560] {dag.py:2273} INFO - Setting next_dagrun for user_total_spent to 2023-01-01 10:20:00+00:00
[2023-03-10 22:26:26,596] {scheduler_job.py:190} INFO - Processing /opt/airflow/dags/calc_total_spent.py took 0.574 seconds
[2023-03-10 22:26:56,980] {scheduler_job.py:182} INFO - Started process (PID=1184) to work on /opt/airflow/dags/calc_total_spent.py
[2023-03-10 22:26:56,999] {scheduler_job.py:629} INFO - Processing file /opt/airflow/dags/calc_total_spent.py for tasks to queue
[2023-03-10 22:26:57,008] {logging_mixin.py:104} INFO - [2023-03-10 22:26:57,008] {dagbag.py:448} INFO - Filling up the DagBag from /opt/airflow/dags/calc_total_spent.py
[2023-03-10 22:26:57,185] {scheduler_job.py:639} INFO - DAG(s) dict_keys(['user_total_spent']) retrieved from /opt/airflow/dags/calc_total_spent.py
[2023-03-10 22:26:57,381] {logging_mixin.py:104} INFO - [2023-03-10 22:26:57,380] {dag.py:1818} INFO - Sync 1 DAGs
[2023-03-10 22:26:57,498] {logging_mixin.py:104} INFO - [2023-03-10 22:26:57,497] {dag.py:2273} INFO - Setting next_dagrun for user_total_spent to 2023-01-01 11:05:00+00:00
[2023-03-10 22:26:57,538] {scheduler_job.py:190} INFO - Processing /opt/airflow/dags/calc_total_spent.py took 0.574 seconds
[2023-03-10 22:27:28,109] {scheduler_job.py:182} INFO - Started process (PID=1238) to work on /opt/airflow/dags/calc_total_spent.py
[2023-03-10 22:27:28,118] {scheduler_job.py:629} INFO - Processing file /opt/airflow/dags/calc_total_spent.py for tasks to queue
[2023-03-10 22:27:28,126] {logging_mixin.py:104} INFO - [2023-03-10 22:27:28,125] {dagbag.py:448} INFO - Filling up the DagBag from /opt/airflow/dags/calc_total_spent.py
[2023-03-10 22:27:28,219] {scheduler_job.py:639} INFO - DAG(s) dict_keys(['user_total_spent']) retrieved from /opt/airflow/dags/calc_total_spent.py
[2023-03-10 22:27:28,315] {logging_mixin.py:104} INFO - [2023-03-10 22:27:28,314] {dag.py:1818} INFO - Sync 1 DAGs
[2023-03-10 22:27:28,419] {logging_mixin.py:104} INFO - [2023-03-10 22:27:28,418] {dag.py:2273} INFO - Setting next_dagrun for user_total_spent to 2023-01-01 11:49:00+00:00
[2023-03-10 22:27:28,456] {scheduler_job.py:190} INFO - Processing /opt/airflow/dags/calc_total_spent.py took 0.358 seconds
[2023-03-10 22:27:59,003] {scheduler_job.py:182} INFO - Started process (PID=1292) to work on /opt/airflow/dags/calc_total_spent.py
[2023-03-10 22:27:59,007] {scheduler_job.py:629} INFO - Processing file /opt/airflow/dags/calc_total_spent.py for tasks to queue
[2023-03-10 22:27:59,012] {logging_mixin.py:104} INFO - [2023-03-10 22:27:59,012] {dagbag.py:448} INFO - Filling up the DagBag from /opt/airflow/dags/calc_total_spent.py
[2023-03-10 22:27:59,106] {scheduler_job.py:639} INFO - DAG(s) dict_keys(['user_total_spent']) retrieved from /opt/airflow/dags/calc_total_spent.py
[2023-03-10 22:27:59,177] {logging_mixin.py:104} INFO - [2023-03-10 22:27:59,176] {dag.py:1818} INFO - Sync 1 DAGs
[2023-03-10 22:27:59,280] {logging_mixin.py:104} INFO - [2023-03-10 22:27:59,279] {dag.py:2273} INFO - Setting next_dagrun for user_total_spent to 2023-01-01 12:33:00+00:00
[2023-03-10 22:27:59,319] {scheduler_job.py:190} INFO - Processing /opt/airflow/dags/calc_total_spent.py took 0.336 seconds
[2023-03-10 22:28:30,389] {scheduler_job.py:182} INFO - Started process (PID=1345) to work on /opt/airflow/dags/calc_total_spent.py
[2023-03-10 22:28:30,396] {scheduler_job.py:629} INFO - Processing file /opt/airflow/dags/calc_total_spent.py for tasks to queue
[2023-03-10 22:28:30,401] {logging_mixin.py:104} INFO - [2023-03-10 22:28:30,401] {dagbag.py:448} INFO - Filling up the DagBag from /opt/airflow/dags/calc_total_spent.py
[2023-03-10 22:28:30,493] {scheduler_job.py:639} INFO - DAG(s) dict_keys(['user_total_spent']) retrieved from /opt/airflow/dags/calc_total_spent.py
[2023-03-10 22:28:30,611] {logging_mixin.py:104} INFO - [2023-03-10 22:28:30,611] {dag.py:1818} INFO - Sync 1 DAGs
[2023-03-10 22:28:30,768] {logging_mixin.py:104} INFO - [2023-03-10 22:28:30,767] {dag.py:2273} INFO - Setting next_dagrun for user_total_spent to 2023-01-01 13:20:00+00:00
[2023-03-10 22:28:30,819] {scheduler_job.py:190} INFO - Processing /opt/airflow/dags/calc_total_spent.py took 0.440 seconds
[2023-03-10 22:29:01,348] {scheduler_job.py:182} INFO - Started process (PID=1400) to work on /opt/airflow/dags/calc_total_spent.py
[2023-03-10 22:29:01,353] {scheduler_job.py:629} INFO - Processing file /opt/airflow/dags/calc_total_spent.py for tasks to queue
[2023-03-10 22:29:01,358] {logging_mixin.py:104} INFO - [2023-03-10 22:29:01,357] {dagbag.py:448} INFO - Filling up the DagBag from /opt/airflow/dags/calc_total_spent.py
[2023-03-10 22:29:01,448] {scheduler_job.py:639} INFO - DAG(s) dict_keys(['user_total_spent']) retrieved from /opt/airflow/dags/calc_total_spent.py
[2023-03-10 22:29:01,581] {logging_mixin.py:104} INFO - [2023-03-10 22:29:01,581] {dag.py:1818} INFO - Sync 1 DAGs
[2023-03-10 22:29:01,686] {logging_mixin.py:104} INFO - [2023-03-10 22:29:01,685] {dag.py:2273} INFO - Setting next_dagrun for user_total_spent to 2023-01-01 14:04:00+00:00
[2023-03-10 22:29:01,719] {scheduler_job.py:190} INFO - Processing /opt/airflow/dags/calc_total_spent.py took 0.383 seconds
[2023-03-10 22:29:32,020] {scheduler_job.py:182} INFO - Started process (PID=1454) to work on /opt/airflow/dags/calc_total_spent.py
[2023-03-10 22:29:32,025] {scheduler_job.py:629} INFO - Processing file /opt/airflow/dags/calc_total_spent.py for tasks to queue
[2023-03-10 22:29:32,029] {logging_mixin.py:104} INFO - [2023-03-10 22:29:32,029] {dagbag.py:448} INFO - Filling up the DagBag from /opt/airflow/dags/calc_total_spent.py
[2023-03-10 22:29:32,090] {scheduler_job.py:639} INFO - DAG(s) dict_keys(['user_total_spent']) retrieved from /opt/airflow/dags/calc_total_spent.py
[2023-03-10 22:29:32,148] {logging_mixin.py:104} INFO - [2023-03-10 22:29:32,147] {dag.py:1818} INFO - Sync 1 DAGs
[2023-03-10 22:29:32,196] {logging_mixin.py:104} INFO - [2023-03-10 22:29:32,196] {dag.py:2273} INFO - Setting next_dagrun for user_total_spent to 2023-01-01 14:35:00+00:00
[2023-03-10 22:29:32,215] {scheduler_job.py:190} INFO - Processing /opt/airflow/dags/calc_total_spent.py took 0.203 seconds
