[2023-03-10 22:29:12,201] {taskinstance.py:851} INFO - Dependencies all met for <TaskInstance: user_total_spent.calculate_total_spent 2023-01-01T14:14:00+00:00 [queued]>
[2023-03-10 22:29:12,277] {taskinstance.py:851} INFO - Dependencies all met for <TaskInstance: user_total_spent.calculate_total_spent 2023-01-01T14:14:00+00:00 [queued]>
[2023-03-10 22:29:12,279] {taskinstance.py:1042} INFO - 
--------------------------------------------------------------------------------
[2023-03-10 22:29:12,281] {taskinstance.py:1043} INFO - Starting attempt 1 of 2
[2023-03-10 22:29:12,282] {taskinstance.py:1044} INFO - 
--------------------------------------------------------------------------------
[2023-03-10 22:29:12,330] {taskinstance.py:1063} INFO - Executing <Task(PythonOperator): calculate_total_spent> on 2023-01-01T14:14:00+00:00
[2023-03-10 22:29:12,343] {standard_task_runner.py:52} INFO - Started process 3520 to run task
[2023-03-10 22:29:12,382] {standard_task_runner.py:76} INFO - Running: ['airflow', 'tasks', 'run', 'user_total_spent', 'calculate_total_spent', '2023-01-01T14:14:00+00:00', '--job-id', '866', '--pool', 'default_pool', '--raw', '--subdir', 'DAGS_FOLDER/calc_total_spent.py', '--cfg-path', '/tmp/tmpoxj21dt7', '--error-file', '/tmp/tmp1c1q0o0v']
[2023-03-10 22:29:12,385] {standard_task_runner.py:77} INFO - Job 866: Subtask calculate_total_spent
[2023-03-10 22:29:12,633] {logging_mixin.py:104} INFO - Running <TaskInstance: user_total_spent.calculate_total_spent 2023-01-01T14:14:00+00:00 [running]> on host ea75b913e55e
[2023-03-10 22:29:12,934] {taskinstance.py:1257} INFO - Exporting the following env vars:
AIRFLOW_CTX_DAG_OWNER=airflow
AIRFLOW_CTX_DAG_ID=user_total_spent
AIRFLOW_CTX_TASK_ID=calculate_total_spent
AIRFLOW_CTX_EXECUTION_DATE=2023-01-01T14:14:00+00:00
AIRFLOW_CTX_DAG_RUN_ID=scheduled__2023-01-01T14:14:00+00:00
[2023-03-10 22:29:13,453] {python.py:118} INFO - Done. Returned value was: None
[2023-03-10 22:29:13,511] {taskinstance.py:1166} INFO - Marking task as SUCCESS. dag_id=user_total_spent, task_id=calculate_total_spent, execution_date=20230101T141400, start_date=20230310T222912, end_date=20230310T222913
[2023-03-10 22:29:13,687] {taskinstance.py:1220} INFO - 0 downstream tasks scheduled from follow-on schedule check
[2023-03-10 22:29:13,738] {local_task_job.py:146} INFO - Task exited with return code 0
