[2023-03-10 22:26:13,354] {taskinstance.py:851} INFO - Dependencies all met for <TaskInstance: user_total_spent.calculate_total_spent 2023-01-01T10:00:00+00:00 [queued]>
[2023-03-10 22:26:13,453] {taskinstance.py:851} INFO - Dependencies all met for <TaskInstance: user_total_spent.calculate_total_spent 2023-01-01T10:00:00+00:00 [queued]>
[2023-03-10 22:26:13,466] {taskinstance.py:1042} INFO - 
--------------------------------------------------------------------------------
[2023-03-10 22:26:13,468] {taskinstance.py:1043} INFO - Starting attempt 1 of 2
[2023-03-10 22:26:13,469] {taskinstance.py:1044} INFO - 
--------------------------------------------------------------------------------
[2023-03-10 22:26:13,569] {taskinstance.py:1063} INFO - Executing <Task(PythonOperator): calculate_total_spent> on 2023-01-01T10:00:00+00:00
[2023-03-10 22:26:13,590] {standard_task_runner.py:52} INFO - Started process 2504 to run task
[2023-03-10 22:26:13,618] {standard_task_runner.py:76} INFO - Running: ['airflow', 'tasks', 'run', 'user_total_spent', 'calculate_total_spent', '2023-01-01T10:00:00+00:00', '--job-id', '612', '--pool', 'default_pool', '--raw', '--subdir', 'DAGS_FOLDER/calc_total_spent.py', '--cfg-path', '/tmp/tmp2p9apg9r', '--error-file', '/tmp/tmp5w3cjeu4']
[2023-03-10 22:26:13,632] {standard_task_runner.py:77} INFO - Job 612: Subtask calculate_total_spent
[2023-03-10 22:26:13,918] {logging_mixin.py:104} INFO - Running <TaskInstance: user_total_spent.calculate_total_spent 2023-01-01T10:00:00+00:00 [running]> on host ea75b913e55e
[2023-03-10 22:26:14,224] {taskinstance.py:1257} INFO - Exporting the following env vars:
AIRFLOW_CTX_DAG_OWNER=airflow
AIRFLOW_CTX_DAG_ID=user_total_spent
AIRFLOW_CTX_TASK_ID=calculate_total_spent
AIRFLOW_CTX_EXECUTION_DATE=2023-01-01T10:00:00+00:00
AIRFLOW_CTX_DAG_RUN_ID=scheduled__2023-01-01T10:00:00+00:00
[2023-03-10 22:26:14,882] {python.py:118} INFO - Done. Returned value was: None
[2023-03-10 22:26:14,934] {taskinstance.py:1166} INFO - Marking task as SUCCESS. dag_id=user_total_spent, task_id=calculate_total_spent, execution_date=20230101T100000, start_date=20230310T222613, end_date=20230310T222614
[2023-03-10 22:26:15,107] {taskinstance.py:1220} INFO - 0 downstream tasks scheduled from follow-on schedule check
[2023-03-10 22:26:15,165] {local_task_job.py:146} INFO - Task exited with return code 0
