[2023-03-10 22:28:45,058] {taskinstance.py:851} INFO - Dependencies all met for <TaskInstance: user_total_spent.calculate_total_spent 2023-01-01T13:36:00+00:00 [queued]>
[2023-03-10 22:28:45,141] {taskinstance.py:851} INFO - Dependencies all met for <TaskInstance: user_total_spent.calculate_total_spent 2023-01-01T13:36:00+00:00 [queued]>
[2023-03-10 22:28:45,146] {taskinstance.py:1042} INFO - 
--------------------------------------------------------------------------------
[2023-03-10 22:28:45,153] {taskinstance.py:1043} INFO - Starting attempt 1 of 2
[2023-03-10 22:28:45,154] {taskinstance.py:1044} INFO - 
--------------------------------------------------------------------------------
[2023-03-10 22:28:45,197] {taskinstance.py:1063} INFO - Executing <Task(PythonOperator): calculate_total_spent> on 2023-01-01T13:36:00+00:00
[2023-03-10 22:28:45,211] {standard_task_runner.py:52} INFO - Started process 3368 to run task
[2023-03-10 22:28:45,229] {standard_task_runner.py:76} INFO - Running: ['airflow', 'tasks', 'run', 'user_total_spent', 'calculate_total_spent', '2023-01-01T13:36:00+00:00', '--job-id', '828', '--pool', 'default_pool', '--raw', '--subdir', 'DAGS_FOLDER/calc_total_spent.py', '--cfg-path', '/tmp/tmp1hjwj12v', '--error-file', '/tmp/tmp54urc2mj']
[2023-03-10 22:28:45,240] {standard_task_runner.py:77} INFO - Job 828: Subtask calculate_total_spent
[2023-03-10 22:28:45,466] {logging_mixin.py:104} INFO - Running <TaskInstance: user_total_spent.calculate_total_spent 2023-01-01T13:36:00+00:00 [running]> on host ea75b913e55e
[2023-03-10 22:28:45,694] {taskinstance.py:1257} INFO - Exporting the following env vars:
AIRFLOW_CTX_DAG_OWNER=airflow
AIRFLOW_CTX_DAG_ID=user_total_spent
AIRFLOW_CTX_TASK_ID=calculate_total_spent
AIRFLOW_CTX_EXECUTION_DATE=2023-01-01T13:36:00+00:00
AIRFLOW_CTX_DAG_RUN_ID=scheduled__2023-01-01T13:36:00+00:00
[2023-03-10 22:28:46,236] {python.py:118} INFO - Done. Returned value was: None
[2023-03-10 22:28:46,288] {taskinstance.py:1166} INFO - Marking task as SUCCESS. dag_id=user_total_spent, task_id=calculate_total_spent, execution_date=20230101T133600, start_date=20230310T222845, end_date=20230310T222846
[2023-03-10 22:28:46,490] {taskinstance.py:1220} INFO - 0 downstream tasks scheduled from follow-on schedule check
[2023-03-10 22:28:46,554] {local_task_job.py:146} INFO - Task exited with return code 0
