[2023-03-10 22:29:05,652] {taskinstance.py:851} INFO - Dependencies all met for <TaskInstance: user_total_spent.calculate_total_spent 2023-01-01T14:04:00+00:00 [queued]>
[2023-03-10 22:29:05,761] {taskinstance.py:851} INFO - Dependencies all met for <TaskInstance: user_total_spent.calculate_total_spent 2023-01-01T14:04:00+00:00 [queued]>
[2023-03-10 22:29:05,764] {taskinstance.py:1042} INFO - 
--------------------------------------------------------------------------------
[2023-03-10 22:29:05,766] {taskinstance.py:1043} INFO - Starting attempt 1 of 2
[2023-03-10 22:29:05,774] {taskinstance.py:1044} INFO - 
--------------------------------------------------------------------------------
[2023-03-10 22:29:05,840] {taskinstance.py:1063} INFO - Executing <Task(PythonOperator): calculate_total_spent> on 2023-01-01T14:04:00+00:00
[2023-03-10 22:29:05,849] {standard_task_runner.py:52} INFO - Started process 3478 to run task
[2023-03-10 22:29:05,890] {standard_task_runner.py:76} INFO - Running: ['airflow', 'tasks', 'run', 'user_total_spent', 'calculate_total_spent', '2023-01-01T14:04:00+00:00', '--job-id', '855', '--pool', 'default_pool', '--raw', '--subdir', 'DAGS_FOLDER/calc_total_spent.py', '--cfg-path', '/tmp/tmpex0e5eos', '--error-file', '/tmp/tmpg9f4vn45']
[2023-03-10 22:29:05,899] {standard_task_runner.py:77} INFO - Job 855: Subtask calculate_total_spent
[2023-03-10 22:29:06,205] {logging_mixin.py:104} INFO - Running <TaskInstance: user_total_spent.calculate_total_spent 2023-01-01T14:04:00+00:00 [running]> on host ea75b913e55e
[2023-03-10 22:29:06,409] {taskinstance.py:1257} INFO - Exporting the following env vars:
AIRFLOW_CTX_DAG_OWNER=airflow
AIRFLOW_CTX_DAG_ID=user_total_spent
AIRFLOW_CTX_TASK_ID=calculate_total_spent
AIRFLOW_CTX_EXECUTION_DATE=2023-01-01T14:04:00+00:00
AIRFLOW_CTX_DAG_RUN_ID=scheduled__2023-01-01T14:04:00+00:00
[2023-03-10 22:29:06,884] {python.py:118} INFO - Done. Returned value was: None
[2023-03-10 22:29:06,938] {taskinstance.py:1166} INFO - Marking task as SUCCESS. dag_id=user_total_spent, task_id=calculate_total_spent, execution_date=20230101T140400, start_date=20230310T222905, end_date=20230310T222906
[2023-03-10 22:29:07,167] {taskinstance.py:1220} INFO - 0 downstream tasks scheduled from follow-on schedule check
[2023-03-10 22:29:07,241] {local_task_job.py:146} INFO - Task exited with return code 0
