[2023-03-10 22:27:43,587] {taskinstance.py:851} INFO - Dependencies all met for <TaskInstance: user_total_spent.calculate_total_spent 2023-01-01T12:07:00+00:00 [queued]>
[2023-03-10 22:27:43,729] {taskinstance.py:851} INFO - Dependencies all met for <TaskInstance: user_total_spent.calculate_total_spent 2023-01-01T12:07:00+00:00 [queued]>
[2023-03-10 22:27:43,735] {taskinstance.py:1042} INFO - 
--------------------------------------------------------------------------------
[2023-03-10 22:27:43,737] {taskinstance.py:1043} INFO - Starting attempt 1 of 2
[2023-03-10 22:27:43,739] {taskinstance.py:1044} INFO - 
--------------------------------------------------------------------------------
[2023-03-10 22:27:43,852] {taskinstance.py:1063} INFO - Executing <Task(PythonOperator): calculate_total_spent> on 2023-01-01T12:07:00+00:00
[2023-03-10 22:27:43,863] {standard_task_runner.py:52} INFO - Started process 3012 to run task
[2023-03-10 22:27:43,897] {standard_task_runner.py:76} INFO - Running: ['airflow', 'tasks', 'run', 'user_total_spent', 'calculate_total_spent', '2023-01-01T12:07:00+00:00', '--job-id', '739', '--pool', 'default_pool', '--raw', '--subdir', 'DAGS_FOLDER/calc_total_spent.py', '--cfg-path', '/tmp/tmp_zapd323', '--error-file', '/tmp/tmptyhcu68b']
[2023-03-10 22:27:43,900] {standard_task_runner.py:77} INFO - Job 739: Subtask calculate_total_spent
[2023-03-10 22:27:44,125] {logging_mixin.py:104} INFO - Running <TaskInstance: user_total_spent.calculate_total_spent 2023-01-01T12:07:00+00:00 [running]> on host ea75b913e55e
[2023-03-10 22:27:44,341] {taskinstance.py:1257} INFO - Exporting the following env vars:
AIRFLOW_CTX_DAG_OWNER=airflow
AIRFLOW_CTX_DAG_ID=user_total_spent
AIRFLOW_CTX_TASK_ID=calculate_total_spent
AIRFLOW_CTX_EXECUTION_DATE=2023-01-01T12:07:00+00:00
AIRFLOW_CTX_DAG_RUN_ID=scheduled__2023-01-01T12:07:00+00:00
[2023-03-10 22:27:44,753] {python.py:118} INFO - Done. Returned value was: None
[2023-03-10 22:27:44,820] {taskinstance.py:1166} INFO - Marking task as SUCCESS. dag_id=user_total_spent, task_id=calculate_total_spent, execution_date=20230101T120700, start_date=20230310T222743, end_date=20230310T222744
[2023-03-10 22:27:44,910] {taskinstance.py:1220} INFO - 0 downstream tasks scheduled from follow-on schedule check
[2023-03-10 22:27:45,001] {local_task_job.py:146} INFO - Task exited with return code 0
