[2023-03-10 22:24:10,019] {taskinstance.py:851} INFO - Dependencies all met for <TaskInstance: user_total_spent.calculate_total_spent 2023-01-01T07:04:00+00:00 [queued]>
[2023-03-10 22:24:10,159] {taskinstance.py:851} INFO - Dependencies all met for <TaskInstance: user_total_spent.calculate_total_spent 2023-01-01T07:04:00+00:00 [queued]>
[2023-03-10 22:24:10,162] {taskinstance.py:1042} INFO - 
--------------------------------------------------------------------------------
[2023-03-10 22:24:10,164] {taskinstance.py:1043} INFO - Starting attempt 1 of 2
[2023-03-10 22:24:10,166] {taskinstance.py:1044} INFO - 
--------------------------------------------------------------------------------
[2023-03-10 22:24:10,249] {taskinstance.py:1063} INFO - Executing <Task(PythonOperator): calculate_total_spent> on 2023-01-01T07:04:00+00:00
[2023-03-10 22:24:10,267] {standard_task_runner.py:52} INFO - Started process 1800 to run task
[2023-03-10 22:24:10,291] {standard_task_runner.py:76} INFO - Running: ['airflow', 'tasks', 'run', 'user_total_spent', 'calculate_total_spent', '2023-01-01T07:04:00+00:00', '--job-id', '436', '--pool', 'default_pool', '--raw', '--subdir', 'DAGS_FOLDER/calc_total_spent.py', '--cfg-path', '/tmp/tmpseci0bkc', '--error-file', '/tmp/tmpe5uj9u3l']
[2023-03-10 22:24:10,295] {standard_task_runner.py:77} INFO - Job 436: Subtask calculate_total_spent
[2023-03-10 22:24:10,531] {logging_mixin.py:104} INFO - Running <TaskInstance: user_total_spent.calculate_total_spent 2023-01-01T07:04:00+00:00 [running]> on host ea75b913e55e
[2023-03-10 22:24:10,715] {taskinstance.py:1257} INFO - Exporting the following env vars:
AIRFLOW_CTX_DAG_OWNER=airflow
AIRFLOW_CTX_DAG_ID=user_total_spent
AIRFLOW_CTX_TASK_ID=calculate_total_spent
AIRFLOW_CTX_EXECUTION_DATE=2023-01-01T07:04:00+00:00
AIRFLOW_CTX_DAG_RUN_ID=scheduled__2023-01-01T07:04:00+00:00
[2023-03-10 22:24:11,184] {python.py:118} INFO - Done. Returned value was: None
[2023-03-10 22:24:11,234] {taskinstance.py:1166} INFO - Marking task as SUCCESS. dag_id=user_total_spent, task_id=calculate_total_spent, execution_date=20230101T070400, start_date=20230310T222410, end_date=20230310T222411
[2023-03-10 22:24:11,590] {taskinstance.py:1220} INFO - 0 downstream tasks scheduled from follow-on schedule check
[2023-03-10 22:24:11,694] {local_task_job.py:146} INFO - Task exited with return code 0
