[2023-03-10 22:19:13,162] {taskinstance.py:851} INFO - Dependencies all met for <TaskInstance: user_total_spent.calculate_total_spent 2023-03-10T22:03:22.414758+00:00 [queued]>
[2023-03-10 22:19:13,352] {taskinstance.py:851} INFO - Dependencies all met for <TaskInstance: user_total_spent.calculate_total_spent 2023-03-10T22:03:22.414758+00:00 [queued]>
[2023-03-10 22:19:13,357] {taskinstance.py:1042} INFO - 
--------------------------------------------------------------------------------
[2023-03-10 22:19:13,378] {taskinstance.py:1043} INFO - Starting attempt 1 of 2
[2023-03-10 22:19:13,383] {taskinstance.py:1044} INFO - 
--------------------------------------------------------------------------------
[2023-03-10 22:19:13,489] {taskinstance.py:1063} INFO - Executing <Task(PythonOperator): calculate_total_spent> on 2023-03-10T22:03:22.414758+00:00
[2023-03-10 22:19:13,519] {standard_task_runner.py:76} INFO - Running: ['airflow', 'tasks', 'run', 'user_total_spent', 'calculate_total_spent', '2023-03-10T22:03:22.414758+00:00', '--job-id', '9', '--pool', 'default_pool', '--raw', '--subdir', 'DAGS_FOLDER/calc_total_spent.py', '--cfg-path', '/tmp/tmpijypspi0', '--error-file', '/tmp/tmp9uhlf_5o']
[2023-03-10 22:19:13,529] {standard_task_runner.py:77} INFO - Job 9: Subtask calculate_total_spent
[2023-03-10 22:19:13,516] {standard_task_runner.py:52} INFO - Started process 102 to run task
[2023-03-10 22:19:13,801] {logging_mixin.py:104} INFO - Running <TaskInstance: user_total_spent.calculate_total_spent 2023-03-10T22:03:22.414758+00:00 [running]> on host ea75b913e55e
[2023-03-10 22:19:14,086] {taskinstance.py:1257} INFO - Exporting the following env vars:
AIRFLOW_CTX_DAG_OWNER=airflow
AIRFLOW_CTX_DAG_ID=user_total_spent
AIRFLOW_CTX_TASK_ID=calculate_total_spent
AIRFLOW_CTX_EXECUTION_DATE=2023-03-10T22:03:22.414758+00:00
AIRFLOW_CTX_DAG_RUN_ID=manual__2023-03-10T22:03:22.414758+00:00
[2023-03-10 22:19:14,775] {python.py:118} INFO - Done. Returned value was: None
[2023-03-10 22:19:14,833] {taskinstance.py:1166} INFO - Marking task as SUCCESS. dag_id=user_total_spent, task_id=calculate_total_spent, execution_date=20230310T220322, start_date=20230310T221913, end_date=20230310T221914
[2023-03-10 22:19:15,006] {taskinstance.py:1220} INFO - 0 downstream tasks scheduled from follow-on schedule check
[2023-03-10 22:19:15,073] {local_task_job.py:146} INFO - Task exited with return code 0
