[2023-03-10 22:23:58,107] {taskinstance.py:851} INFO - Dependencies all met for <TaskInstance: user_total_spent.calculate_total_spent 2023-01-01T06:46:00+00:00 [queued]>
[2023-03-10 22:23:58,203] {taskinstance.py:851} INFO - Dependencies all met for <TaskInstance: user_total_spent.calculate_total_spent 2023-01-01T06:46:00+00:00 [queued]>
[2023-03-10 22:23:58,205] {taskinstance.py:1042} INFO - 
--------------------------------------------------------------------------------
[2023-03-10 22:23:58,208] {taskinstance.py:1043} INFO - Starting attempt 1 of 2
[2023-03-10 22:23:58,220] {taskinstance.py:1044} INFO - 
--------------------------------------------------------------------------------
[2023-03-10 22:23:58,266] {taskinstance.py:1063} INFO - Executing <Task(PythonOperator): calculate_total_spent> on 2023-01-01T06:46:00+00:00
[2023-03-10 22:23:58,274] {standard_task_runner.py:52} INFO - Started process 1728 to run task
[2023-03-10 22:23:58,300] {standard_task_runner.py:76} INFO - Running: ['airflow', 'tasks', 'run', 'user_total_spent', 'calculate_total_spent', '2023-01-01T06:46:00+00:00', '--job-id', '418', '--pool', 'default_pool', '--raw', '--subdir', 'DAGS_FOLDER/calc_total_spent.py', '--cfg-path', '/tmp/tmpy2s0x_i0', '--error-file', '/tmp/tmppqv379dm']
[2023-03-10 22:23:58,309] {standard_task_runner.py:77} INFO - Job 418: Subtask calculate_total_spent
[2023-03-10 22:23:58,519] {logging_mixin.py:104} INFO - Running <TaskInstance: user_total_spent.calculate_total_spent 2023-01-01T06:46:00+00:00 [running]> on host ea75b913e55e
[2023-03-10 22:23:58,751] {taskinstance.py:1257} INFO - Exporting the following env vars:
AIRFLOW_CTX_DAG_OWNER=airflow
AIRFLOW_CTX_DAG_ID=user_total_spent
AIRFLOW_CTX_TASK_ID=calculate_total_spent
AIRFLOW_CTX_EXECUTION_DATE=2023-01-01T06:46:00+00:00
AIRFLOW_CTX_DAG_RUN_ID=scheduled__2023-01-01T06:46:00+00:00
[2023-03-10 22:23:59,309] {python.py:118} INFO - Done. Returned value was: None
[2023-03-10 22:23:59,382] {taskinstance.py:1166} INFO - Marking task as SUCCESS. dag_id=user_total_spent, task_id=calculate_total_spent, execution_date=20230101T064600, start_date=20230310T222358, end_date=20230310T222359
[2023-03-10 22:23:59,671] {taskinstance.py:1220} INFO - 0 downstream tasks scheduled from follow-on schedule check
[2023-03-10 22:23:59,740] {local_task_job.py:146} INFO - Task exited with return code 0
