[2023-03-10 22:21:36,071] {taskinstance.py:851} INFO - Dependencies all met for <TaskInstance: user_total_spent.calculate_total_spent 2023-01-01T03:22:00+00:00 [queued]>
[2023-03-10 22:21:36,160] {taskinstance.py:851} INFO - Dependencies all met for <TaskInstance: user_total_spent.calculate_total_spent 2023-01-01T03:22:00+00:00 [queued]>
[2023-03-10 22:21:36,163] {taskinstance.py:1042} INFO - 
--------------------------------------------------------------------------------
[2023-03-10 22:21:36,169] {taskinstance.py:1043} INFO - Starting attempt 1 of 2
[2023-03-10 22:21:36,173] {taskinstance.py:1044} INFO - 
--------------------------------------------------------------------------------
[2023-03-10 22:21:36,275] {taskinstance.py:1063} INFO - Executing <Task(PythonOperator): calculate_total_spent> on 2023-01-01T03:22:00+00:00
[2023-03-10 22:21:36,293] {standard_task_runner.py:52} INFO - Started process 914 to run task
[2023-03-10 22:21:36,338] {standard_task_runner.py:76} INFO - Running: ['airflow', 'tasks', 'run', 'user_total_spent', 'calculate_total_spent', '2023-01-01T03:22:00+00:00', '--job-id', '214', '--pool', 'default_pool', '--raw', '--subdir', 'DAGS_FOLDER/calc_total_spent.py', '--cfg-path', '/tmp/tmpq5_w4amp', '--error-file', '/tmp/tmph2blqv1_']
[2023-03-10 22:21:36,347] {standard_task_runner.py:77} INFO - Job 214: Subtask calculate_total_spent
[2023-03-10 22:21:36,616] {logging_mixin.py:104} INFO - Running <TaskInstance: user_total_spent.calculate_total_spent 2023-01-01T03:22:00+00:00 [running]> on host ea75b913e55e
[2023-03-10 22:21:36,848] {taskinstance.py:1257} INFO - Exporting the following env vars:
AIRFLOW_CTX_DAG_OWNER=airflow
AIRFLOW_CTX_DAG_ID=user_total_spent
AIRFLOW_CTX_TASK_ID=calculate_total_spent
AIRFLOW_CTX_EXECUTION_DATE=2023-01-01T03:22:00+00:00
AIRFLOW_CTX_DAG_RUN_ID=scheduled__2023-01-01T03:22:00+00:00
[2023-03-10 22:21:37,412] {python.py:118} INFO - Done. Returned value was: None
[2023-03-10 22:21:37,473] {taskinstance.py:1166} INFO - Marking task as SUCCESS. dag_id=user_total_spent, task_id=calculate_total_spent, execution_date=20230101T032200, start_date=20230310T222136, end_date=20230310T222137
[2023-03-10 22:21:37,665] {taskinstance.py:1220} INFO - 0 downstream tasks scheduled from follow-on schedule check
[2023-03-10 22:21:37,755] {local_task_job.py:146} INFO - Task exited with return code 0
