[2023-03-10 22:28:14,428] {taskinstance.py:851} INFO - Dependencies all met for <TaskInstance: user_total_spent.calculate_total_spent 2023-01-01T12:52:00+00:00 [queued]>
[2023-03-10 22:28:14,560] {taskinstance.py:851} INFO - Dependencies all met for <TaskInstance: user_total_spent.calculate_total_spent 2023-01-01T12:52:00+00:00 [queued]>
[2023-03-10 22:28:14,565] {taskinstance.py:1042} INFO - 
--------------------------------------------------------------------------------
[2023-03-10 22:28:14,568] {taskinstance.py:1043} INFO - Starting attempt 1 of 2
[2023-03-10 22:28:14,577] {taskinstance.py:1044} INFO - 
--------------------------------------------------------------------------------
[2023-03-10 22:28:14,731] {taskinstance.py:1063} INFO - Executing <Task(PythonOperator): calculate_total_spent> on 2023-01-01T12:52:00+00:00
[2023-03-10 22:28:14,739] {standard_task_runner.py:52} INFO - Started process 3192 to run task
[2023-03-10 22:28:14,774] {standard_task_runner.py:76} INFO - Running: ['airflow', 'tasks', 'run', 'user_total_spent', 'calculate_total_spent', '2023-01-01T12:52:00+00:00', '--job-id', '784', '--pool', 'default_pool', '--raw', '--subdir', 'DAGS_FOLDER/calc_total_spent.py', '--cfg-path', '/tmp/tmp12z6zgiw', '--error-file', '/tmp/tmpf0kt1ceq']
[2023-03-10 22:28:14,794] {standard_task_runner.py:77} INFO - Job 784: Subtask calculate_total_spent
[2023-03-10 22:28:15,107] {logging_mixin.py:104} INFO - Running <TaskInstance: user_total_spent.calculate_total_spent 2023-01-01T12:52:00+00:00 [running]> on host ea75b913e55e
[2023-03-10 22:28:15,449] {taskinstance.py:1257} INFO - Exporting the following env vars:
AIRFLOW_CTX_DAG_OWNER=airflow
AIRFLOW_CTX_DAG_ID=user_total_spent
AIRFLOW_CTX_TASK_ID=calculate_total_spent
AIRFLOW_CTX_EXECUTION_DATE=2023-01-01T12:52:00+00:00
AIRFLOW_CTX_DAG_RUN_ID=scheduled__2023-01-01T12:52:00+00:00
[2023-03-10 22:28:15,951] {python.py:118} INFO - Done. Returned value was: None
[2023-03-10 22:28:16,011] {taskinstance.py:1166} INFO - Marking task as SUCCESS. dag_id=user_total_spent, task_id=calculate_total_spent, execution_date=20230101T125200, start_date=20230310T222814, end_date=20230310T222816
[2023-03-10 22:28:16,177] {taskinstance.py:1220} INFO - 0 downstream tasks scheduled from follow-on schedule check
[2023-03-10 22:28:16,250] {local_task_job.py:146} INFO - Task exited with return code 0
