[2023-03-10 22:21:32,288] {taskinstance.py:851} INFO - Dependencies all met for <TaskInstance: user_total_spent.calculate_total_spent 2023-01-01T03:17:00+00:00 [queued]>
[2023-03-10 22:21:32,403] {taskinstance.py:851} INFO - Dependencies all met for <TaskInstance: user_total_spent.calculate_total_spent 2023-01-01T03:17:00+00:00 [queued]>
[2023-03-10 22:21:32,419] {taskinstance.py:1042} INFO - 
--------------------------------------------------------------------------------
[2023-03-10 22:21:32,420] {taskinstance.py:1043} INFO - Starting attempt 1 of 2
[2023-03-10 22:21:32,421] {taskinstance.py:1044} INFO - 
--------------------------------------------------------------------------------
[2023-03-10 22:21:32,506] {taskinstance.py:1063} INFO - Executing <Task(PythonOperator): calculate_total_spent> on 2023-01-01T03:17:00+00:00
[2023-03-10 22:21:32,553] {standard_task_runner.py:76} INFO - Running: ['airflow', 'tasks', 'run', 'user_total_spent', 'calculate_total_spent', '2023-01-01T03:17:00+00:00', '--job-id', '209', '--pool', 'default_pool', '--raw', '--subdir', 'DAGS_FOLDER/calc_total_spent.py', '--cfg-path', '/tmp/tmpz2gotszk', '--error-file', '/tmp/tmpq86l88c0']
[2023-03-10 22:21:32,521] {standard_task_runner.py:52} INFO - Started process 892 to run task
[2023-03-10 22:21:32,560] {standard_task_runner.py:77} INFO - Job 209: Subtask calculate_total_spent
[2023-03-10 22:21:32,864] {logging_mixin.py:104} INFO - Running <TaskInstance: user_total_spent.calculate_total_spent 2023-01-01T03:17:00+00:00 [running]> on host ea75b913e55e
[2023-03-10 22:21:33,153] {taskinstance.py:1257} INFO - Exporting the following env vars:
AIRFLOW_CTX_DAG_OWNER=airflow
AIRFLOW_CTX_DAG_ID=user_total_spent
AIRFLOW_CTX_TASK_ID=calculate_total_spent
AIRFLOW_CTX_EXECUTION_DATE=2023-01-01T03:17:00+00:00
AIRFLOW_CTX_DAG_RUN_ID=scheduled__2023-01-01T03:17:00+00:00
[2023-03-10 22:21:33,704] {python.py:118} INFO - Done. Returned value was: None
[2023-03-10 22:21:33,775] {taskinstance.py:1166} INFO - Marking task as SUCCESS. dag_id=user_total_spent, task_id=calculate_total_spent, execution_date=20230101T031700, start_date=20230310T222132, end_date=20230310T222133
[2023-03-10 22:21:33,963] {taskinstance.py:1220} INFO - 0 downstream tasks scheduled from follow-on schedule check
[2023-03-10 22:21:34,024] {local_task_job.py:146} INFO - Task exited with return code 0
