[2023-03-10 22:24:18,086] {taskinstance.py:851} INFO - Dependencies all met for <TaskInstance: user_total_spent.calculate_total_spent 2023-01-01T07:14:00+00:00 [queued]>
[2023-03-10 22:24:18,156] {taskinstance.py:851} INFO - Dependencies all met for <TaskInstance: user_total_spent.calculate_total_spent 2023-01-01T07:14:00+00:00 [queued]>
[2023-03-10 22:24:18,158] {taskinstance.py:1042} INFO - 
--------------------------------------------------------------------------------
[2023-03-10 22:24:18,160] {taskinstance.py:1043} INFO - Starting attempt 1 of 2
[2023-03-10 22:24:18,167] {taskinstance.py:1044} INFO - 
--------------------------------------------------------------------------------
[2023-03-10 22:24:18,241] {taskinstance.py:1063} INFO - Executing <Task(PythonOperator): calculate_total_spent> on 2023-01-01T07:14:00+00:00
[2023-03-10 22:24:18,256] {standard_task_runner.py:52} INFO - Started process 1838 to run task
[2023-03-10 22:24:18,282] {standard_task_runner.py:76} INFO - Running: ['airflow', 'tasks', 'run', 'user_total_spent', 'calculate_total_spent', '2023-01-01T07:14:00+00:00', '--job-id', '446', '--pool', 'default_pool', '--raw', '--subdir', 'DAGS_FOLDER/calc_total_spent.py', '--cfg-path', '/tmp/tmpf2olns_g', '--error-file', '/tmp/tmph_tk7ln5']
[2023-03-10 22:24:18,292] {standard_task_runner.py:77} INFO - Job 446: Subtask calculate_total_spent
[2023-03-10 22:24:18,498] {logging_mixin.py:104} INFO - Running <TaskInstance: user_total_spent.calculate_total_spent 2023-01-01T07:14:00+00:00 [running]> on host ea75b913e55e
[2023-03-10 22:24:18,715] {taskinstance.py:1257} INFO - Exporting the following env vars:
AIRFLOW_CTX_DAG_OWNER=airflow
AIRFLOW_CTX_DAG_ID=user_total_spent
AIRFLOW_CTX_TASK_ID=calculate_total_spent
AIRFLOW_CTX_EXECUTION_DATE=2023-01-01T07:14:00+00:00
AIRFLOW_CTX_DAG_RUN_ID=scheduled__2023-01-01T07:14:00+00:00
[2023-03-10 22:24:19,138] {python.py:118} INFO - Done. Returned value was: None
[2023-03-10 22:24:19,187] {taskinstance.py:1166} INFO - Marking task as SUCCESS. dag_id=user_total_spent, task_id=calculate_total_spent, execution_date=20230101T071400, start_date=20230310T222418, end_date=20230310T222419
[2023-03-10 22:24:19,317] {taskinstance.py:1220} INFO - 0 downstream tasks scheduled from follow-on schedule check
[2023-03-10 22:24:19,399] {local_task_job.py:146} INFO - Task exited with return code 0
