[2023-03-10 22:22:39,902] {taskinstance.py:851} INFO - Dependencies all met for <TaskInstance: user_total_spent.calculate_total_spent 2023-01-01T04:55:00+00:00 [queued]>
[2023-03-10 22:22:40,055] {taskinstance.py:851} INFO - Dependencies all met for <TaskInstance: user_total_spent.calculate_total_spent 2023-01-01T04:55:00+00:00 [queued]>
[2023-03-10 22:22:40,062] {taskinstance.py:1042} INFO - 
--------------------------------------------------------------------------------
[2023-03-10 22:22:40,068] {taskinstance.py:1043} INFO - Starting attempt 1 of 2
[2023-03-10 22:22:40,071] {taskinstance.py:1044} INFO - 
--------------------------------------------------------------------------------
[2023-03-10 22:22:40,146] {taskinstance.py:1063} INFO - Executing <Task(PythonOperator): calculate_total_spent> on 2023-01-01T04:55:00+00:00
[2023-03-10 22:22:40,170] {standard_task_runner.py:76} INFO - Running: ['airflow', 'tasks', 'run', 'user_total_spent', 'calculate_total_spent', '2023-01-01T04:55:00+00:00', '--job-id', '307', '--pool', 'default_pool', '--raw', '--subdir', 'DAGS_FOLDER/calc_total_spent.py', '--cfg-path', '/tmp/tmp8b3i1ect', '--error-file', '/tmp/tmpgpmky4_q']
[2023-03-10 22:22:40,173] {standard_task_runner.py:77} INFO - Job 307: Subtask calculate_total_spent
[2023-03-10 22:22:40,159] {standard_task_runner.py:52} INFO - Started process 1284 to run task
[2023-03-10 22:22:40,349] {logging_mixin.py:104} INFO - Running <TaskInstance: user_total_spent.calculate_total_spent 2023-01-01T04:55:00+00:00 [running]> on host ea75b913e55e
[2023-03-10 22:22:40,756] {taskinstance.py:1257} INFO - Exporting the following env vars:
AIRFLOW_CTX_DAG_OWNER=airflow
AIRFLOW_CTX_DAG_ID=user_total_spent
AIRFLOW_CTX_TASK_ID=calculate_total_spent
AIRFLOW_CTX_EXECUTION_DATE=2023-01-01T04:55:00+00:00
AIRFLOW_CTX_DAG_RUN_ID=scheduled__2023-01-01T04:55:00+00:00
[2023-03-10 22:22:41,376] {python.py:118} INFO - Done. Returned value was: None
[2023-03-10 22:22:41,470] {taskinstance.py:1166} INFO - Marking task as SUCCESS. dag_id=user_total_spent, task_id=calculate_total_spent, execution_date=20230101T045500, start_date=20230310T222239, end_date=20230310T222241
[2023-03-10 22:22:41,799] {taskinstance.py:1220} INFO - 0 downstream tasks scheduled from follow-on schedule check
[2023-03-10 22:22:41,878] {local_task_job.py:146} INFO - Task exited with return code 0
