[2023-03-10 22:27:44,609] {taskinstance.py:851} INFO - Dependencies all met for <TaskInstance: user_total_spent.calculate_total_spent 2023-01-01T12:08:00+00:00 [queued]>
[2023-03-10 22:27:44,725] {taskinstance.py:851} INFO - Dependencies all met for <TaskInstance: user_total_spent.calculate_total_spent 2023-01-01T12:08:00+00:00 [queued]>
[2023-03-10 22:27:44,734] {taskinstance.py:1042} INFO - 
--------------------------------------------------------------------------------
[2023-03-10 22:27:44,736] {taskinstance.py:1043} INFO - Starting attempt 1 of 2
[2023-03-10 22:27:44,737] {taskinstance.py:1044} INFO - 
--------------------------------------------------------------------------------
[2023-03-10 22:27:44,803] {taskinstance.py:1063} INFO - Executing <Task(PythonOperator): calculate_total_spent> on 2023-01-01T12:08:00+00:00
[2023-03-10 22:27:44,823] {standard_task_runner.py:52} INFO - Started process 3017 to run task
[2023-03-10 22:27:44,853] {standard_task_runner.py:76} INFO - Running: ['airflow', 'tasks', 'run', 'user_total_spent', 'calculate_total_spent', '2023-01-01T12:08:00+00:00', '--job-id', '740', '--pool', 'default_pool', '--raw', '--subdir', 'DAGS_FOLDER/calc_total_spent.py', '--cfg-path', '/tmp/tmpnz_g1l1s', '--error-file', '/tmp/tmpjyrgrz7n']
[2023-03-10 22:27:44,861] {standard_task_runner.py:77} INFO - Job 740: Subtask calculate_total_spent
[2023-03-10 22:27:45,185] {logging_mixin.py:104} INFO - Running <TaskInstance: user_total_spent.calculate_total_spent 2023-01-01T12:08:00+00:00 [running]> on host ea75b913e55e
[2023-03-10 22:27:45,380] {taskinstance.py:1257} INFO - Exporting the following env vars:
AIRFLOW_CTX_DAG_OWNER=airflow
AIRFLOW_CTX_DAG_ID=user_total_spent
AIRFLOW_CTX_TASK_ID=calculate_total_spent
AIRFLOW_CTX_EXECUTION_DATE=2023-01-01T12:08:00+00:00
AIRFLOW_CTX_DAG_RUN_ID=scheduled__2023-01-01T12:08:00+00:00
[2023-03-10 22:27:45,779] {python.py:118} INFO - Done. Returned value was: None
[2023-03-10 22:27:45,844] {taskinstance.py:1166} INFO - Marking task as SUCCESS. dag_id=user_total_spent, task_id=calculate_total_spent, execution_date=20230101T120800, start_date=20230310T222744, end_date=20230310T222745
[2023-03-10 22:27:45,980] {taskinstance.py:1220} INFO - 0 downstream tasks scheduled from follow-on schedule check
[2023-03-10 22:27:46,039] {local_task_job.py:146} INFO - Task exited with return code 0
